Content-Type: text/plain; charset="utf-8"
MIME-Version: 1.0
Content-Transfer-Encoding: 7bit
Subject: Your Reservation Confirmation for 2023-09-20 to 2023-09-22
From: confirmations@Moffay-Bay-Lodge.com
To: brittanyrosekyncl@gmail.com
Date: Sat, 09 Sep 2023 08:15:27 -0000
Message-ID: 
 <169424732703.8368.981990466809983842@DESKTOP-H2KPN0L.hsd1.co.comcast.net>

Greetings Brittany!

Your reservation for Moffat-Bay Lodge is confirmed!

Reservation Details:
Reservation Number: 1042
Confirmation Number: A9A6689
Check-in date: 2023-09-20
Check-out date: 2023-09-22
# of Guests: 4
Total Price: $315.00

We look forward to seeing you soon!


Sincerely,
Moffat-Bay Marina & Lodge
-------------------------------------------------------------------------------
