Content-Type: text/plain; charset="utf-8"
MIME-Version: 1.0
Content-Transfer-Encoding: 7bit
Subject: Your Reservation Confirmation for 2023-09-21 to 2023-09-25
From: confirmations@Moffay-Bay-Lodge.com
To: markwitt83@yahoo.com
Date: Thu, 07 Sep 2023 11:47:04 -0000
Message-ID: 
 <169408722436.21712.4469370883599025973@DESKTOP-TECLK6Q.hsd1.mi.comcast.net>

Greetings Mark!

Your reservation for Moffat-Bay Lodge is confirmed!

Reservation Details:
Reservation Number: 1029
Confirmation Number: 4F3B6D2
Check-in date: 2023-09-21
Check-out date: 2023-09-25
# of Guests: 2
Total Price: $483.00

We look forward to seeing you soon!


Sincerely,
Moffat-Bay Marina & Lodge
-------------------------------------------------------------------------------
