Content-Type: text/plain; charset="utf-8"
MIME-Version: 1.0
Content-Transfer-Encoding: 7bit
Subject: Your Reservation Confirmation for 2023-09-21 to 2023-09-26
From: confirmations@Moffay-Bay-Lodge.com
To: brittanyrosekyncl@gmail.com
Date: Tue, 19 Sep 2023 20:44:15 -0000
Message-ID: 
 <169515625584.13520.8161766334589548585@DESKTOP-H2KPN0L.hsd1.co.comcast.net>

Greetings Brittany!

Your reservation for Moffat-Bay Lodge is confirmed!

Reservation Details:
Reservation Number: 1046
Confirmation Number: 6F5F629
Check-in date: 2023-09-21
Check-out date: 2023-09-26
# of Guests: 1
Total Price: $603.75

We look forward to seeing you soon!


Sincerely,
Moffat-Bay Marina & Lodge
-------------------------------------------------------------------------------
