Content-Type: text/plain; charset="utf-8"
MIME-Version: 1.0
Content-Transfer-Encoding: 7bit
Subject: Your Reservation Confirmation for 2023-09-22 to 2023-09-23
From: confirmations@Moffay-Bay-Lodge.com
To: markwitt83@yahoo.com
Date: Sun, 10 Sep 2023 13:23:47 -0000
Message-ID: 
 <169435222776.12164.2946566435127343720@DESKTOP-TECLK6Q.hsd1.mi.comcast.net>

Greetings Mark!

Your reservation for Moffat-Bay Lodge is confirmed!

Reservation Details:
Reservation Number: 1044
Confirmation Number: 8B42948
Check-in date: 2023-09-22
Check-out date: 2023-09-23
# of Guests: 1
Total Price: $120.75

We look forward to seeing you soon!


Sincerely,
Moffat-Bay Marina & Lodge
-------------------------------------------------------------------------------
