Content-Type: text/plain; charset="utf-8"
MIME-Version: 1.0
Content-Transfer-Encoding: 7bit
Subject: Your Reservation Confirmation for 2023-09-07 to 2023-09-08
From: confirmations@Moffay-Bay-Lodge.com
To: brittanyrosekyncl@gmail.com
Date: Thu, 07 Sep 2023 19:08:26 -0000
Message-ID: 
 <169411370649.19884.5816836038181704105@DESKTOP-H2KPN0L.hsd1.co.comcast.net>

Greetings Brittany!

Your reservation for Moffat-Bay Lodge is confirmed!

Reservation Details:
Reservation Number: 1031
Confirmation Number: 1F9F673
Check-in date: 2023-09-07
Check-out date: 2023-09-08
# of Guests: 3
Total Price: $157.50

We look forward to seeing you soon!


Sincerely,
Moffat-Bay Marina & Lodge
-------------------------------------------------------------------------------
