Content-Type: text/plain; charset="utf-8"
MIME-Version: 1.0
Content-Transfer-Encoding: 7bit
Subject: Your Reservation Confirmation for 2023-09-12 to 2023-09-22
From: confirmations@Moffay-Bay-Lodge.com
To: brittanyrosekyncl@gmail.com
Date: Thu, 07 Sep 2023 11:00:35 -0000
Message-ID: 
 <169408443594.756.15515943009604804316@DESKTOP-H2KPN0L.hsd1.co.comcast.net>

Greetings Brittany!

Your reservation for Moffat-Bay Lodge is confirmed!

Reservation Details:
Reservation Number: 1027
Confirmation Number: 7A35EE3
Check-in date: 2023-09-12
Check-out date: 2023-09-22
# of Guests: 4
Total Price: $1575.00

We look forward to seeing you soon!


Sincerely,
Moffat-Bay Marina & Lodge
-------------------------------------------------------------------------------
