Content-Type: text/plain; charset="utf-8"
MIME-Version: 1.0
Content-Transfer-Encoding: 7bit
Subject: Your Reservation Confirmation for 2023-10-30 to 2023-11-10
From: confirmations@moffat-bay.org
To: brittanyrosekyncl@gmail.com
Date: Wed, 04 Oct 2023 22:15:17 -0000
Message-ID: 
 <169645771719.9700.15369106992789335908@DESKTOP-H2KPN0L.hsd1.co.comcast.net>

Greetings Brittany!

Your reservation for Moffat-Bay Lodge is confirmed!

Reservation Details:
Reservation Number: 1048
Confirmation Number: 1117516
Check-in date: 2023-10-30
Check-out date: 2023-11-10
# of Guests: 4
Total Price: $1732.50

We look forward to seeing you soon!


Sincerely,
Moffat-Bay Marina & Lodge
-------------------------------------------------------------------------------
