Content-Type: text/plain; charset="utf-8"
MIME-Version: 1.0
Content-Transfer-Encoding: 7bit
Subject: Your Reservation Confirmation for 2023-09-25 to 2023-09-29
From: confirmations@Moffay-Bay-Lodge.com
To: brittanyrosekyncl@gmail.com
Date: Tue, 19 Sep 2023 20:05:27 -0000
Message-ID: 
 <169515392725.16244.5358166310173491522@DESKTOP-H2KPN0L.hsd1.co.comcast.net>

Greetings Brittany!

Your reservation for Moffat-Bay Lodge is confirmed!

Reservation Details:
Reservation Number: 1045
Confirmation Number: E64CD87
Check-in date: 2023-09-25
Check-out date: 2023-09-29
# of Guests: 3
Total Price: $630.00

We look forward to seeing you soon!


Sincerely,
Moffat-Bay Marina & Lodge
-------------------------------------------------------------------------------
