Content-Type: text/plain; charset="utf-8"
MIME-Version: 1.0
Content-Transfer-Encoding: 7bit
Subject: Your Reservation Confirmation for 2023-12-21 to 2024-01-03
From: confirmations@Moffay-Bay-Lodge.com
To: markwitt83@yahoo.com
Date: Wed, 06 Sep 2023 19:53:10 -0000
Message-ID: 
 <169402999067.10416.7321848399157564654@DESKTOP-TECLK6Q.hsd1.mi.comcast.net>

Greetings Mark!

Your reservation for Moffat-Bay Lodge is confirmed!

Reservation Details:
Reservation Number: 1022
Confirmation Number: 5BB0850
Check-in date: 2023-12-21
Check-out date: 2024-01-03
# of Guests: 2
Total Price: $1569.75

We look forward to seeing you soon!


Sincerely,
Moffat-Bay Marina & Lodge
-------------------------------------------------------------------------------
