Content-Type: text/plain; charset="utf-8"
MIME-Version: 1.0
Content-Transfer-Encoding: 7bit
Subject: Your Reservation Confirmation for 2023-12-21 to 2023-12-27
From: confirmations@Moffay-Bay-Lodge.com
To: markwitt83@yahoo.com
Date: Thu, 07 Sep 2023 11:59:04 -0000
Message-ID: 
 <169408794400.21712.18122842631404244922@DESKTOP-TECLK6Q.hsd1.mi.comcast.net>

Greetings Mark!

Your reservation for Moffat-Bay Lodge is confirmed!

Reservation Details:
Reservation Number: 1030
Confirmation Number: 42284C2
Check-in date: 2023-12-21
Check-out date: 2023-12-27
# of Guests: 2
Total Price: $724.50

We look forward to seeing you soon!


Sincerely,
Moffat-Bay Marina & Lodge
-------------------------------------------------------------------------------
