Content-Type: text/plain; charset="utf-8"
MIME-Version: 1.0
Content-Transfer-Encoding: 7bit
Subject: Your Reservation Confirmation for 2023-09-13 to 2023-09-21
From: confirmations@Moffay-Bay-Lodge.com
To: brittanyrosekyncl@gmail.com
Date: Sat, 09 Sep 2023 05:06:47 -0000
Message-ID: 
 <169423600742.8368.13903161235118868034@DESKTOP-H2KPN0L.hsd1.co.comcast.net>

Greetings Brittany!

Your reservation for Moffat-Bay Lodge is confirmed!

Reservation Details:
Reservation Number: 1041
Confirmation Number: E3C2F06
Check-in date: 2023-09-13
Check-out date: 2023-09-21
# of Guests: 3
Total Price: $1260.00

We look forward to seeing you soon!


Sincerely,
Moffat-Bay Marina & Lodge
-------------------------------------------------------------------------------
