Content-Type: text/plain; charset="utf-8"
MIME-Version: 1.0
Content-Transfer-Encoding: 7bit
Subject: Your Reservation Confirmation for 2023-10-10 to 2023-10-11
From: confirmations@Moffay-Bay-Lodge.com
To: markwitt83@yahoo.com
Date: Fri, 08 Sep 2023 13:22:14 -0000
Message-ID: 
 <169417933404.9224.9409832744183679867@DESKTOP-TECLK6Q.hsd1.mi.comcast.net>

Greetings Mark!

Your reservation for Moffat-Bay Lodge is confirmed!

Reservation Details:
Reservation Number: 1033
Confirmation Number: A5B2413
Check-in date: 2023-10-10
Check-out date: 2023-10-11
# of Guests: 2
Total Price: $120.75

We look forward to seeing you soon!


Sincerely,
Moffat-Bay Marina & Lodge
-------------------------------------------------------------------------------
