Content-Type: text/plain; charset="utf-8"
MIME-Version: 1.0
Content-Transfer-Encoding: 7bit
Subject: Your Reservation Confirmation for 2023-11-21 to 2023-11-30
From: confirmations@moffat-bay.org
To: brittanyrosekyncl@gmail.com
Date: Wed, 04 Oct 2023 22:15:53 -0000
Message-ID: 
 <169645775399.9700.4057446481015563401@DESKTOP-H2KPN0L.hsd1.co.comcast.net>

Greetings Brittany!

Your reservation for Moffat-Bay Lodge is confirmed!

Reservation Details:
Reservation Number: 1049
Confirmation Number: 2AA6064
Check-in date: 2023-11-21
Check-out date: 2023-11-30
# of Guests: 2
Total Price: $1086.75

We look forward to seeing you soon!


Sincerely,
Moffat-Bay Marina & Lodge
-------------------------------------------------------------------------------
