Content-Type: text/plain; charset="utf-8"
MIME-Version: 1.0
Content-Transfer-Encoding: 7bit
Subject: Your Reservation Confirmation for 2024-01-30 to 2024-02-08
From: confirmations@Moffay-Bay-Lodge.com
To: markwitt83@yahoo.com
Date: Fri, 08 Sep 2023 13:16:34 -0000
Message-ID: 
 <169417899428.10232.5458763413515687384@DESKTOP-TECLK6Q.hsd1.mi.comcast.net>

Greetings Mark!

Your reservation for Moffat-Bay Lodge is confirmed!

Reservation Details:
Reservation Number: 1032
Confirmation Number: 6E142F2
Check-in date: 2024-01-30
Check-out date: 2024-02-08
# of Guests: 1
Total Price: $1086.75

We look forward to seeing you soon!


Sincerely,
Moffat-Bay Marina & Lodge
-------------------------------------------------------------------------------
