Content-Type: text/plain; charset="utf-8"
MIME-Version: 1.0
Content-Transfer-Encoding: 7bit
Subject: Your Reservation Confirmation for 2023-10-26 to 2023-11-08
From: confirmations@moffat-bay.org
To: jamison@gmail.com
Date: Wed, 04 Oct 2023 22:46:09 -0000
Message-ID: 
 <169645956981.9700.16555746278475424416@DESKTOP-H2KPN0L.hsd1.co.comcast.net>

Greetings James!

Your reservation for Moffat-Bay Lodge is confirmed!

Reservation Details:
Reservation Number: 1050
Confirmation Number: BECE258
Check-in date: 2023-10-26
Check-out date: 2023-11-08
# of Guests: 5
Total Price: $2047.50

We look forward to seeing you soon!


Sincerely,
Moffat-Bay Marina & Lodge
-------------------------------------------------------------------------------
