Content-Type: text/plain; charset="utf-8"
MIME-Version: 1.0
Content-Transfer-Encoding: 7bit
Subject: Your Reservation Confirmation for 2023-09-22 to 2023-09-29
From: confirmations@Moffay-Bay-Lodge.com
To: brittanyrosekyncl@gmail.com
Date: Thu, 07 Sep 2023 10:54:07 -0000
Message-ID: 
 <169408404742.756.306419957477931200@DESKTOP-H2KPN0L.hsd1.co.comcast.net>

Greetings Brittany!

Your reservation for Moffat-Bay Lodge is confirmed!

Reservation Details:
Reservation Number: 1025
Confirmation Number: 0669D48
Check-in date: 2023-09-22
Check-out date: 2023-09-29
# of Guests: 1
Total Price: $845.25

We look forward to seeing you soon!


Sincerely,
Moffat-Bay Marina & Lodge
-------------------------------------------------------------------------------
