Content-Type: text/plain; charset="utf-8"
MIME-Version: 1.0
Content-Transfer-Encoding: 7bit
Subject: Your Reservation Confirmation for 2023-09-08 to 2023-09-10
From: confirmations@Moffay-Bay-Lodge.com
To: markwitt83@yahoo.com
Date: Fri, 08 Sep 2023 13:43:39 -0000
Message-ID: 
 <169418061921.17772.833837796670547560@DESKTOP-TECLK6Q.hsd1.mi.comcast.net>

Greetings Mark!

Your reservation for Moffat-Bay Lodge is confirmed!

Reservation Details:
Reservation Number: 1038
Confirmation Number: 40E5FD1
Check-in date: 2023-09-08
Check-out date: 2023-09-10
# of Guests: 1
Total Price: $241.50

We look forward to seeing you soon!


Sincerely,
Moffat-Bay Marina & Lodge
-------------------------------------------------------------------------------
