Content-Type: text/plain; charset="utf-8"
MIME-Version: 1.0
Content-Transfer-Encoding: 7bit
Subject: Your Reservation Confirmation for 2023-12-21 to 2024-01-10
From: confirmations@Moffay-Bay-Lodge.com
To: markwitt83@yahoo.com
Date: Wed, 06 Sep 2023 19:53:37 -0000
Message-ID: 
 <169403001737.10416.7110189683128465833@DESKTOP-TECLK6Q.hsd1.mi.comcast.net>

Greetings Mark!

Your reservation for Moffat-Bay Lodge is confirmed!

Reservation Details:
Reservation Number: 1023
Confirmation Number: 7FE95E4
Check-in date: 2023-12-21
Check-out date: 2024-01-10
# of Guests: 2
Total Price: $2415.00

We look forward to seeing you soon!


Sincerely,
Moffat-Bay Marina & Lodge
-------------------------------------------------------------------------------
