Content-Type: text/plain; charset="utf-8"
MIME-Version: 1.0
Content-Transfer-Encoding: 7bit
Subject: Your Reservation Confirmation for 2023-11-29 to 2023-12-06
From: confirmations@Moffay-Bay-Lodge.com
To: brittanyrosekyncl@gmail.com
Date: Fri, 15 Sep 2023 22:39:23 -0000
Message-ID: 
 <169481756377.6332.7956853990706499148@DESKTOP-H2KPN0L.hsd1.co.comcast.net>

Greetings Brittany!

Your reservation for Moffat-Bay Lodge is confirmed!

Reservation Details:
Reservation Number: 1045
Confirmation Number: 9C3A587
Check-in date: 2023-11-29
Check-out date: 2023-12-06
# of Guests: 5
Total Price: $1102.50

We look forward to seeing you soon!


Sincerely,
Moffat-Bay Marina & Lodge
-------------------------------------------------------------------------------
