Content-Type: text/plain; charset="utf-8"
MIME-Version: 1.0
Content-Transfer-Encoding: 7bit
Subject: Your Reservation Confirmation for 2023-09-20 to 2023-09-27
From: confirmations@Moffay-Bay-Lodge.com
To: brittanyrosekyncl@gmail.com
Date: Fri, 15 Sep 2023 06:44:52 -0000
Message-ID: 
 <169476029220.19624.12897239769261734091@DESKTOP-H2KPN0L.hsd1.co.comcast.net>

Greetings Brittany!

Your reservation for Moffat-Bay Lodge is confirmed!

Reservation Details:
Reservation Number: 1047
Confirmation Number: 96DA244
Check-in date: 2023-09-20
Check-out date: 2023-09-27
# of Guests: 5
Total Price: $1102.50

We look forward to seeing you soon!


Sincerely,
Moffat-Bay Marina & Lodge
-------------------------------------------------------------------------------
