Content-Type: text/plain; charset="utf-8"
MIME-Version: 1.0
Content-Transfer-Encoding: 7bit
Subject: Your Reservation Confirmation for 2023-10-23 to 2023-11-02
From: confirmations@moffat-bay.org
To: brittanyrosekyncl@gmail.com
Date: Wed, 04 Oct 2023 21:55:21 -0000
Message-ID: 
 <169645652115.21064.6217397723068281116@DESKTOP-H2KPN0L.hsd1.co.comcast.net>

Greetings Brittany!

Your reservation for Moffat-Bay Lodge is confirmed!

Reservation Details:
Reservation Number: 1046
Confirmation Number: 755F372
Check-in date: 2023-10-23
Check-out date: 2023-11-02
# of Guests: 3
Total Price: $1575.00

We look forward to seeing you soon!


Sincerely,
Moffat-Bay Marina & Lodge
-------------------------------------------------------------------------------
