Content-Type: text/plain; charset="utf-8"
MIME-Version: 1.0
Content-Transfer-Encoding: 7bit
Subject: Your Reservation Confirmation for 2023-09-15 to 2023-09-17
From: confirmations@Moffay-Bay-Lodge.com
To: markwitt83@yahoo.com
Date: Thu, 07 Sep 2023 11:39:29 -0000
Message-ID: 
 <169408676931.21712.4950623119464467222@DESKTOP-TECLK6Q.hsd1.mi.comcast.net>

Greetings Mark!

Your reservation for Moffat-Bay Lodge is confirmed!

Reservation Details:
Reservation Number: 1028
Confirmation Number: 6830FE6
Check-in date: 2023-09-15
Check-out date: 2023-09-17
# of Guests: 1
Total Price: $241.50

We look forward to seeing you soon!


Sincerely,
Moffat-Bay Marina & Lodge
-------------------------------------------------------------------------------
