Content-Type: text/plain; charset="utf-8"
MIME-Version: 1.0
Content-Transfer-Encoding: 7bit
Subject: Your Reservation Confirmation for 2023-09-21 to 2023-09-30
From: confirmations@Moffay-Bay-Lodge.com
To: brittanyrosekyncl@gmail.com
Date: Thu, 07 Sep 2023 10:52:34 -0000
Message-ID: 
 <169408395433.756.151418997890678176@DESKTOP-H2KPN0L.hsd1.co.comcast.net>

Greetings Brittany!

Your reservation for Moffat-Bay Lodge is confirmed!

Reservation Details:
Reservation Number: 1024
Confirmation Number: D889D67
Check-in date: 2023-09-21
Check-out date: 2023-09-30
# of Guests: 1
Total Price: $1086.75

We look forward to seeing you soon!


Sincerely,
Moffat-Bay Marina & Lodge
-------------------------------------------------------------------------------
