Content-Type: text/plain; charset="utf-8"
MIME-Version: 1.0
Content-Transfer-Encoding: 7bit
Subject: Your Reservation Confirmation for 2023-09-20 to 2023-09-27
From: confirmations@Moffay-Bay-Lodge.com
To: brittanyrosekyncl@gmail.com
Date: Fri, 15 Sep 2023 06:44:31 -0000
Message-ID: 
 <169476027123.19624.11065080003902298612@DESKTOP-H2KPN0L.hsd1.co.comcast.net>

Greetings Brittany!

Your reservation for Moffat-Bay Lodge is confirmed!

Reservation Details:
Reservation Number: 1046
Confirmation Number: DDD5FE3
Check-in date: 2023-09-20
Check-out date: 2023-09-27
# of Guests: 2
Total Price: $845.25

We look forward to seeing you soon!


Sincerely,
Moffat-Bay Marina & Lodge
-------------------------------------------------------------------------------
