Content-Type: text/plain; charset="utf-8"
MIME-Version: 1.0
Content-Transfer-Encoding: 7bit
Subject: Your Reservation Confirmation for 2023-09-15 to 2023-09-20
From: confirmations@Moffay-Bay-Lodge.com
To: brittanyrosekyncl@gmail.com
Date: Mon, 11 Sep 2023 21:23:40 -0000
Message-ID: 
 <169446742076.13992.10956096453178736666@DESKTOP-H2KPN0L.hsd1.co.comcast.net>

Greetings Brittany!

Your reservation for Moffat-Bay Lodge is confirmed!

Reservation Details:
Reservation Number: 1046
Confirmation Number: A8C3913
Check-in date: 2023-09-15
Check-out date: 2023-09-20
# of Guests: 1
Total Price: $603.75

We look forward to seeing you soon!


Sincerely,
Moffat-Bay Marina & Lodge
-------------------------------------------------------------------------------
