Content-Type: text/plain; charset="utf-8"
MIME-Version: 1.0
Content-Transfer-Encoding: 7bit
Subject: Your Reservation Confirmation for 2023-09-28 to 2023-10-06
From: confirmations@Moffay-Bay-Lodge.com
To: brittanyrosekyncl@gmail.com
Date: Thu, 14 Sep 2023 01:11:30 -0000
Message-ID: 
 <169465389009.13856.4348870519748664264@DESKTOP-H2KPN0L.hsd1.co.comcast.net>

Greetings Brittany!

Your reservation for Moffat-Bay Lodge is confirmed!

Reservation Details:
Reservation Number: None
Confirmation Number: F60BE40
Check-in date: 2023-09-28
Check-out date: 2023-10-06
# of Guests: 1
Total Price: $966.00

We look forward to seeing you soon!


Sincerely,
Moffat-Bay Marina & Lodge
-------------------------------------------------------------------------------
