Content-Type: text/plain; charset="utf-8"
MIME-Version: 1.0
Content-Transfer-Encoding: 7bit
Subject: Your Reservation Confirmation for 2023-09-08 to 2023-09-11
From: confirmations@Moffay-Bay-Lodge.com
To: markwitt83@yahoo.com
Date: Fri, 08 Sep 2023 13:40:28 -0000
Message-ID: 
 <169418042854.22040.1522916530056161072@DESKTOP-TECLK6Q.hsd1.mi.comcast.net>

Greetings Mark!

Your reservation for Moffat-Bay Lodge is confirmed!

Reservation Details:
Reservation Number: 1036
Confirmation Number: 1DA5751
Check-in date: 2023-09-08
Check-out date: 2023-09-11
# of Guests: 1
Total Price: $362.25

We look forward to seeing you soon!


Sincerely,
Moffat-Bay Marina & Lodge
-------------------------------------------------------------------------------
