Content-Type: text/plain; charset="utf-8"
MIME-Version: 1.0
Content-Transfer-Encoding: 7bit
Subject: Your Reservation Confirmation for 2023-09-08 to 2023-09-12
From: confirmations@Moffay-Bay-Lodge.com
To: brittanyrosekyncl@gmail.com
Date: Sat, 09 Sep 2023 02:24:29 -0000
Message-ID: 
 <169422626951.8368.1874814821465540597@DESKTOP-H2KPN0L.hsd1.co.comcast.net>

Greetings Brittany!

Your reservation for Moffat-Bay Lodge is confirmed!

Reservation Details:
Reservation Number: 1039
Confirmation Number: 3BC17F9
Check-in date: 2023-09-08
Check-out date: 2023-09-12
# of Guests: 1
Total Price: $483.00

We look forward to seeing you soon!


Sincerely,
Moffat-Bay Marina & Lodge
-------------------------------------------------------------------------------
