Content-Type: text/plain; charset="utf-8"
MIME-Version: 1.0
Content-Transfer-Encoding: 7bit
Subject: Your Reservation Confirmation for 2023-09-19 to 2023-09-27
From: confirmations@Moffay-Bay-Lodge.com
To: brittanyrosekyncl@gmail.com
Date: Fri, 15 Sep 2023 22:47:46 -0000
Message-ID: 
 <169481806692.6332.14770531751374681075@DESKTOP-H2KPN0L.hsd1.co.comcast.net>

Greetings Brittany!

Your reservation for Moffat-Bay Lodge is confirmed!

Reservation Details:
Reservation Number: 1050
Confirmation Number: F112B11
Check-in date: 2023-09-19
Check-out date: 2023-09-27
# of Guests: 3
Total Price: $1260.00

We look forward to seeing you soon!


Sincerely,
Moffat-Bay Marina & Lodge
-------------------------------------------------------------------------------
