Content-Type: text/plain; charset="utf-8"
MIME-Version: 1.0
Content-Transfer-Encoding: 7bit
Subject: Your Reservation Confirmation for 2023-09-07 to 2023-09-14
From: confirmations@Moffay-Bay-Lodge.com
To: brittanyrosekyncl@gmail.com
Date: Thu, 07 Sep 2023 07:21:19 -0000
Message-ID: 
 <169407127914.756.5528431071185223341@DESKTOP-H2KPN0L.hsd1.co.comcast.net>

Greetings Brittany!

Your reservation for Moffat-Bay Lodge is confirmed!

Reservation Details:
Reservation Number: 1022
Confirmation Number: 4CB5AF7
Check-in date: 2023-09-07
Check-out date: 2023-09-14
# of Guests: 1
Total Price: $845.25

We look forward to seeing you soon!


Sincerely,
Moffat-Bay Marina & Lodge
-------------------------------------------------------------------------------
