Content-Type: text/plain; charset="utf-8"
MIME-Version: 1.0
Content-Transfer-Encoding: 7bit
Subject: Your Reservation Confirmation for 2023-09-13 to 2023-09-20
From: confirmations@Moffay-Bay-Lodge.com
To: markwitt83@yahoo.com
Date: Sun, 10 Sep 2023 12:47:15 -0000
Message-ID: 
 <169435003537.6560.2790954713877773178@DESKTOP-TECLK6Q.hsd1.mi.comcast.net>

Greetings Mark!

Your reservation for Moffat-Bay Lodge is confirmed!

Reservation Details:
Reservation Number: 1043
Confirmation Number: EB14842
Check-in date: 2023-09-13
Check-out date: 2023-09-20
# of Guests: 3
Total Price: $1102.50

We look forward to seeing you soon!


Sincerely,
Moffat-Bay Marina & Lodge
-------------------------------------------------------------------------------
