Content-Type: text/plain; charset="utf-8"
MIME-Version: 1.0
Content-Transfer-Encoding: 7bit
Subject: Your Reservation Confirmation for 2023-12-21 to 2023-12-29
From: confirmations@Moffay-Bay-Lodge.com
To: markwitt83@yahoo.com
Date: Wed, 06 Sep 2023 19:57:18 -0000
Message-ID: 
 <169403023800.10416.2557837492729536620@DESKTOP-TECLK6Q.hsd1.mi.comcast.net>

Greetings Mark!

Your reservation for Moffat-Bay Lodge is confirmed!

Reservation Details:
Reservation Number: 1020
Confirmation Number: D3523E0
Check-in date: 2023-12-21
Check-out date: 2023-12-29
# of Guests: 1
Total Price: $966.00

We look forward to seeing you soon!


Sincerely,
Moffat-Bay Marina & Lodge
-------------------------------------------------------------------------------
